#
# There is insufficient memory for the Java Runtime Environment to continue.
# Native memory allocation (malloc) failed to allocate 770896 bytes for Chunk::new
# Possible reasons:
#   The system is out of physical RAM or swap space
#   The process is running with CompressedOops enabled, and the Java Heap may be blocking the growth of the native heap
# Possible solutions:
#   Reduce memory load on the system
#   Increase physical memory or swap space
#   Check if swap backing store is full
#   Decrease Java heap size (-Xmx/-Xms)
#   Decrease number of Java threads
#   Decrease Java thread stack sizes (-Xss)
#   Set larger code cache with -XX:ReservedCodeCacheSize=
#   JVM is running with Unscaled Compressed Oops mode in which the Java heap is
#     placed in the first 4GB address space. The Java Heap base address is the
#     maximum limit for the native heap growth. Please use -XX:HeapBaseMinAddress
#     to set the Java Heap base and to place the Java Heap above 4GB virtual address.
# This output file may be truncated or incomplete.
#
#  Out of Memory Error (arena.cpp:189), pid=15864, tid=21104
#
# JRE version: OpenJDK Runtime Environment Corretto-17.0.0.35.1 (17.0+35) (build 17+35-LTS)
# Java VM: OpenJDK 64-Bit Server VM Corretto-17.0.0.35.1 (17+35-LTS, mixed mode, sharing, tiered, compressed oops, compressed class ptrs, g1 gc, windows-amd64)
# No core dump will be written. Minidumps are not enabled by default on client versions of Windows
#

---------------  S U M M A R Y ------------

Command Line: -javaagent:C:\Program Files\JetBrains\IntelliJ IDEA Community Edition 2021.2.2\lib\idea_rt.jar=54316:C:\Program Files\JetBrains\IntelliJ IDEA Community Edition 2021.2.2\bin -Dfile.encoding=UTF-8 com.jobportal.JobPortalApplication

Host: Intel(R) Core(TM) i5-9300H CPU @ 2.40GHz, 8 cores, 7G,  Windows 10 , 64 bit Build 26100 (10.0.26100.3094)
Time: Thu Mar  6 19:49:03 2025 India Standard Time elapsed time: 12.875200 seconds (0d 0h 0m 12s)

---------------  T H R E A D  ---------------

Current thread (0x000002255e0ff7d0):  JavaThread "C2 CompilerThread0" daemon [_thread_in_native, id=21104, stack(0x0000006b96f00000,0x0000006b97000000)]


Current CompileTask:
C2:  12875 3868       4       org.springframework.beans.factory.support.AbstractBeanFactory::isTypeMatch (745 bytes)

Stack: [0x0000006b96f00000,0x0000006b97000000]
Native frames: (J=compiled Java code, j=interpreted, Vv=VM code, C=native code)
V  [jvm.dll+0x644c5a]
V  [jvm.dll+0x7f51f4]
V  [jvm.dll+0x7f69ae]
V  [jvm.dll+0x7f7003]
V  [jvm.dll+0x234a38]
V  [jvm.dll+0xbc5bb]
V  [jvm.dll+0xbcb4c]
V  [jvm.dll+0x34d3a7]
V  [jvm.dll+0x317a7f]
V  [jvm.dll+0x316eba]
V  [jvm.dll+0x2090a5]
V  [jvm.dll+0x208637]
V  [jvm.dll+0x19849d]
V  [jvm.dll+0x2179c9]
V  [jvm.dll+0x215c1b]
V  [jvm.dll+0x7adc4b]
V  [jvm.dll+0x7a825a]
V  [jvm.dll+0x643aa5]
C  [ucrtbase.dll+0x37b0]
C  [KERNEL32.DLL+0x2e8d7]
C  [ntdll.dll+0xb50ac]


---------------  P R O C E S S  ---------------

Threads class SMR info:
_java_thread_list=0x0000022561a59f60, length=16, elements={
0x000002253f67af60, 0x000002255e0e42d0, 0x000002255e0e59f0, 0x000002255e0f8630,
0x000002255e0faff0, 0x000002255e0fb9a0, 0x000002255e0fcec0, 0x000002255e0ff7d0,
0x000002255e104c70, 0x000002255e105660, 0x000002255e0d0a70, 0x000002255eeb8aa0,
0x000002255eeb8f70, 0x000002255f64a2d0, 0x000002255f64ac20, 0x000002255ffb6050
}

Java Threads: ( => current thread )
  0x000002253f67af60 JavaThread "main" [_thread_blocked, id=9484, stack(0x0000006b96200000,0x0000006b96300000)]
  0x000002255e0e42d0 JavaThread "Reference Handler" daemon [_thread_blocked, id=18764, stack(0x0000006b96900000,0x0000006b96a00000)]
  0x000002255e0e59f0 JavaThread "Finalizer" daemon [_thread_blocked, id=9436, stack(0x0000006b96a00000,0x0000006b96b00000)]
  0x000002255e0f8630 JavaThread "Signal Dispatcher" daemon [_thread_blocked, id=25168, stack(0x0000006b96b00000,0x0000006b96c00000)]
  0x000002255e0faff0 JavaThread "Attach Listener" daemon [_thread_blocked, id=14556, stack(0x0000006b96c00000,0x0000006b96d00000)]
  0x000002255e0fb9a0 JavaThread "Service Thread" daemon [_thread_blocked, id=25632, stack(0x0000006b96d00000,0x0000006b96e00000)]
  0x000002255e0fcec0 JavaThread "Monitor Deflation Thread" daemon [_thread_blocked, id=15768, stack(0x0000006b96e00000,0x0000006b96f00000)]
=>0x000002255e0ff7d0 JavaThread "C2 CompilerThread0" daemon [_thread_in_native, id=21104, stack(0x0000006b96f00000,0x0000006b97000000)]
  0x000002255e104c70 JavaThread "C1 CompilerThread0" daemon [_thread_blocked, id=25332, stack(0x0000006b97000000,0x0000006b97100000)]
  0x000002255e105660 JavaThread "Sweeper thread" daemon [_thread_blocked, id=25172, stack(0x0000006b97100000,0x0000006b97200000)]
  0x000002255e0d0a70 JavaThread "Common-Cleaner" daemon [_thread_blocked, id=25684, stack(0x0000006b97200000,0x0000006b97300000)]
  0x000002255eeb8aa0 JavaThread "Monitor Ctrl-Break" daemon [_thread_in_native, id=16556, stack(0x0000006b97300000,0x0000006b97400000)]
  0x000002255eeb8f70 JavaThread "Notification Thread" daemon [_thread_blocked, id=23172, stack(0x0000006b97400000,0x0000006b97500000)]
  0x000002255f64a2d0 JavaThread "Thread-0" [_thread_blocked, id=9972, stack(0x0000006b97c00000,0x0000006b97d00000)]
  0x000002255f64ac20 JavaThread "restartedMain" [_thread_in_native, id=9168, stack(0x0000006b97d00000,0x0000006b97e00000)]
  0x000002255ffb6050 JavaThread "C2 CompilerThread1" daemon [_thread_in_native, id=3780, stack(0x0000006b97e00000,0x0000006b97f00000)]

Other Threads:
  0x000002255e0e0530 VMThread "VM Thread" [stack: 0x0000006b96800000,0x0000006b96900000] [id=4372]
  0x000002255eddc770 WatcherThread [stack: 0x0000006b97500000,0x0000006b97600000] [id=25840]
  0x000002253f6b8cd0 GCTaskThread "GC Thread#0" [stack: 0x0000006b96300000,0x0000006b96400000] [id=17928]
  0x000002255f6e76f0 GCTaskThread "GC Thread#1" [stack: 0x0000006b97600000,0x0000006b97700000] [id=19296]
  0x000002255f6e79a0 GCTaskThread "GC Thread#2" [stack: 0x0000006b97700000,0x0000006b97800000] [id=12180]
  0x000002255f64d510 GCTaskThread "GC Thread#3" [stack: 0x0000006b97800000,0x0000006b97900000] [id=12536]
  0x000002255f7fe8b0 GCTaskThread "GC Thread#4" [stack: 0x0000006b97900000,0x0000006b97a00000] [id=21172]
  0x000002255f69ff30 GCTaskThread "GC Thread#5" [stack: 0x0000006b97a00000,0x0000006b97b00000] [id=1592]
  0x000002255f6a21f0 GCTaskThread "GC Thread#6" [stack: 0x0000006b97b00000,0x0000006b97c00000] [id=17020]
  0x000002255ff73d10 GCTaskThread "GC Thread#7" [stack: 0x0000006b98100000,0x0000006b98200000] [id=17584]
  0x000002253f6c9610 ConcurrentGCThread "G1 Main Marker" [stack: 0x0000006b96400000,0x0000006b96500000] [id=9908]
  0x000002253f6cacf0 ConcurrentGCThread "G1 Conc#0" [stack: 0x0000006b96500000,0x0000006b96600000] [id=17208]
  0x000002255fe732a0 ConcurrentGCThread "G1 Conc#1" [stack: 0x0000006b97f00000,0x0000006b98000000] [id=23228]
  0x000002253f72d940 ConcurrentGCThread "G1 Refine#0" [stack: 0x0000006b96600000,0x0000006b96700000] [id=14992]
  0x000002253f72e360 ConcurrentGCThread "G1 Service" [stack: 0x0000006b96700000,0x0000006b96800000] [id=21360]

Threads with active compile tasks:
C2 CompilerThread0    12952 3868       4       org.springframework.beans.factory.support.AbstractBeanFactory::isTypeMatch (745 bytes)
C2 CompilerThread1    12953 3872       4       org.springframework.beans.factory.support.AbstractAutowireCapableBeanFactory::predictBeanType (128 bytes)

VM state: not at safepoint (normal execution)

VM Mutex/Monitor currently owned by a thread: None

Heap address: 0x0000000083000000, size: 2000 MB, Compressed Oops mode: 32-bit

CDS archive(s) mapped at: [0x0000000800000000-0x0000000800bc0000-0x0000000800bc0000), size 12320768, SharedBaseAddress: 0x0000000800000000, ArchiveRelocationMode: 0.
Compressed class space mapped at: 0x0000000800c00000-0x0000000840c00000, reserved size: 1073741824
Narrow klass base: 0x0000000800000000, Narrow klass shift: 0, Narrow klass range: 0x100000000

GC Precious Log:
 CPUs: 8 total, 8 available
 Memory: 7999M
 Large Page Support: Disabled
 NUMA Support: Disabled
 Compressed Oops: Enabled (32-bit)
 Heap Region Size: 1M
 Heap Min Capacity: 8M
 Heap Initial Capacity: 126M
 Heap Max Capacity: 2000M
 Pre-touch: Disabled
 Parallel Workers: 8
 Concurrent Workers: 2
 Concurrent Refinement Workers: 8
 Periodic GC: Disabled

Heap:
 garbage-first heap   total 58368K, used 38880K [0x0000000083000000, 0x0000000100000000)
  region size 1024K, 26 young (26624K), 4 survivors (4096K)
 Metaspace       used 28004K, committed 28416K, reserved 1081344K
  class space    used 3634K, committed 3840K, reserved 1048576K

Heap Regions: E=young(eden), S=young(survivor), O=old, HS=humongous(starts), HC=humongous(continues), CS=collection set, F=free, OA=open archive, CA=closed archive, TAMS=top-at-mark-start (previous, next)
|   0|0x0000000083000000, 0x0000000083100000, 0x0000000083100000|100%|HS|  |TAMS 0x0000000083100000, 0x0000000083000000| Complete 
|   1|0x0000000083100000, 0x0000000083200000, 0x0000000083200000|100%|HS|  |TAMS 0x0000000083200000, 0x0000000083100000| Complete 
|   2|0x0000000083200000, 0x0000000083300000, 0x0000000083300000|100%| O|  |TAMS 0x0000000083300000, 0x0000000083200000| Untracked 
|   3|0x0000000083300000, 0x0000000083400000, 0x0000000083400000|100%| O|  |TAMS 0x0000000083400000, 0x0000000083300000| Untracked 
|   4|0x0000000083400000, 0x0000000083500000, 0x0000000083500000|100%| O|  |TAMS 0x0000000083500000, 0x0000000083400000| Untracked 
|   5|0x0000000083500000, 0x0000000083600000, 0x0000000083600000|100%| O|  |TAMS 0x0000000083600000, 0x0000000083500000| Untracked 
|   6|0x0000000083600000, 0x0000000083700000, 0x0000000083700000|100%| O|  |TAMS 0x0000000083700000, 0x0000000083600000| Untracked 
|   7|0x0000000083700000, 0x0000000083800000, 0x0000000083800000|100%| O|  |TAMS 0x0000000083800000, 0x0000000083700000| Untracked 
|   8|0x0000000083800000, 0x0000000083900000, 0x0000000083900000|100%| O|  |TAMS 0x0000000083900000, 0x0000000083800000| Untracked 
|   9|0x0000000083900000, 0x0000000083a00000, 0x0000000083a00000|100%| O|  |TAMS 0x0000000083a00000, 0x0000000083900000| Untracked 
|  10|0x0000000083a00000, 0x0000000083b00000, 0x0000000083b00000|100%| O|  |TAMS 0x0000000083b00000, 0x0000000083a00000| Untracked 
|  11|0x0000000083b00000, 0x0000000083c00000, 0x0000000083c00000|100%| O|  |TAMS 0x0000000083c00000, 0x0000000083b00000| Untracked 
|  12|0x0000000083c00000, 0x0000000083c2f400, 0x0000000083d00000| 18%| O|  |TAMS 0x0000000083c2f400, 0x0000000083c00000| Untracked 
|  13|0x0000000083d00000, 0x0000000083e00000, 0x0000000083e00000|100%| O|  |TAMS 0x0000000083d00000, 0x0000000083d00000| Untracked 
|  14|0x0000000083e00000, 0x0000000083eb0200, 0x0000000083f00000| 68%| O|  |TAMS 0x0000000083e00000, 0x0000000083e00000| Untracked 
|  15|0x0000000083f00000, 0x0000000083f00000, 0x0000000084000000|  0%| F|  |TAMS 0x0000000083f00000, 0x0000000083f00000| Untracked 
|  16|0x0000000084000000, 0x0000000084000000, 0x0000000084100000|  0%| F|  |TAMS 0x0000000084000000, 0x0000000084000000| Untracked 
|  17|0x0000000084100000, 0x0000000084100000, 0x0000000084200000|  0%| F|  |TAMS 0x0000000084100000, 0x0000000084100000| Untracked 
|  18|0x0000000084200000, 0x0000000084200000, 0x0000000084300000|  0%| F|  |TAMS 0x0000000084200000, 0x0000000084200000| Untracked 
|  19|0x0000000084300000, 0x0000000084318de0, 0x0000000084400000|  9%| S|CS|TAMS 0x0000000084300000, 0x0000000084300000| Complete 
|  20|0x0000000084400000, 0x0000000084500000, 0x0000000084500000|100%| S|CS|TAMS 0x0000000084400000, 0x0000000084400000| Complete 
|  21|0x0000000084500000, 0x0000000084600000, 0x0000000084600000|100%| S|CS|TAMS 0x0000000084500000, 0x0000000084500000| Complete 
|  22|0x0000000084600000, 0x0000000084700000, 0x0000000084700000|100%| S|CS|TAMS 0x0000000084600000, 0x0000000084600000| Complete 
|  23|0x0000000084700000, 0x0000000084700000, 0x0000000084800000|  0%| F|  |TAMS 0x0000000084700000, 0x0000000084700000| Untracked 
|  24|0x0000000084800000, 0x0000000084800000, 0x0000000084900000|  0%| F|  |TAMS 0x0000000084800000, 0x0000000084800000| Untracked 
|  25|0x0000000084900000, 0x0000000084900000, 0x0000000084a00000|  0%| F|  |TAMS 0x0000000084900000, 0x0000000084900000| Untracked 
|  26|0x0000000084a00000, 0x0000000084a00000, 0x0000000084b00000|  0%| F|  |TAMS 0x0000000084a00000, 0x0000000084a00000| Untracked 
|  27|0x0000000084b00000, 0x0000000084b00000, 0x0000000084c00000|  0%| F|  |TAMS 0x0000000084b00000, 0x0000000084b00000| Untracked 
|  28|0x0000000084c00000, 0x0000000084c00000, 0x0000000084d00000|  0%| F|  |TAMS 0x0000000084c00000, 0x0000000084c00000| Untracked 
|  29|0x0000000084d00000, 0x0000000084d00000, 0x0000000084e00000|  0%| F|  |TAMS 0x0000000084d00000, 0x0000000084d00000| Untracked 
|  30|0x0000000084e00000, 0x0000000084e00000, 0x0000000084f00000|  0%| F|  |TAMS 0x0000000084e00000, 0x0000000084e00000| Untracked 
|  31|0x0000000084f00000, 0x0000000084f00000, 0x0000000085000000|  0%| F|  |TAMS 0x0000000084f00000, 0x0000000084f00000| Untracked 
|  32|0x0000000085000000, 0x0000000085000000, 0x0000000085100000|  0%| F|  |TAMS 0x0000000085000000, 0x0000000085000000| Untracked 
|  33|0x0000000085100000, 0x0000000085100000, 0x0000000085200000|  0%| F|  |TAMS 0x0000000085100000, 0x0000000085100000| Untracked 
|  34|0x0000000085200000, 0x0000000085200000, 0x0000000085300000|  0%| F|  |TAMS 0x0000000085200000, 0x0000000085200000| Untracked 
|  35|0x0000000085300000, 0x0000000085369eb8, 0x0000000085400000| 41%| E|  |TAMS 0x0000000085300000, 0x0000000085300000| Complete 
|  36|0x0000000085400000, 0x0000000085500000, 0x0000000085500000|100%| E|CS|TAMS 0x0000000085400000, 0x0000000085400000| Complete 
|  37|0x0000000085500000, 0x0000000085600000, 0x0000000085600000|100%| E|CS|TAMS 0x0000000085500000, 0x0000000085500000| Complete 
|  38|0x0000000085600000, 0x0000000085700000, 0x0000000085700000|100%| E|CS|TAMS 0x0000000085600000, 0x0000000085600000| Complete 
|  39|0x0000000085700000, 0x0000000085800000, 0x0000000085800000|100%| E|CS|TAMS 0x0000000085700000, 0x0000000085700000| Complete 
|  40|0x0000000085800000, 0x0000000085900000, 0x0000000085900000|100%| E|CS|TAMS 0x0000000085800000, 0x0000000085800000| Complete 
|  41|0x0000000085900000, 0x0000000085a00000, 0x0000000085a00000|100%| E|CS|TAMS 0x0000000085900000, 0x0000000085900000| Complete 
|  42|0x0000000085a00000, 0x0000000085b00000, 0x0000000085b00000|100%| E|CS|TAMS 0x0000000085a00000, 0x0000000085a00000| Complete 
|  43|0x0000000085b00000, 0x0000000085c00000, 0x0000000085c00000|100%| E|CS|TAMS 0x0000000085b00000, 0x0000000085b00000| Complete 
|  44|0x0000000085c00000, 0x0000000085d00000, 0x0000000085d00000|100%| E|CS|TAMS 0x0000000085c00000, 0x0000000085c00000| Complete 
|  45|0x0000000085d00000, 0x0000000085e00000, 0x0000000085e00000|100%| E|CS|TAMS 0x0000000085d00000, 0x0000000085d00000| Complete 
|  46|0x0000000085e00000, 0x0000000085f00000, 0x0000000085f00000|100%| E|CS|TAMS 0x0000000085e00000, 0x0000000085e00000| Complete 
|  47|0x0000000085f00000, 0x0000000086000000, 0x0000000086000000|100%| E|CS|TAMS 0x0000000085f00000, 0x0000000085f00000| Complete 
|  48|0x0000000086000000, 0x0000000086100000, 0x0000000086100000|100%| E|CS|TAMS 0x0000000086000000, 0x0000000086000000| Complete 
|  49|0x0000000086100000, 0x0000000086200000, 0x0000000086200000|100%| E|CS|TAMS 0x0000000086100000, 0x0000000086100000| Complete 
|  50|0x0000000086200000, 0x0000000086300000, 0x0000000086300000|100%| E|CS|TAMS 0x0000000086200000, 0x0000000086200000| Complete 
|  51|0x0000000086300000, 0x0000000086400000, 0x0000000086400000|100%| E|CS|TAMS 0x0000000086300000, 0x0000000086300000| Complete 
|  52|0x0000000086400000, 0x0000000086500000, 0x0000000086500000|100%| E|CS|TAMS 0x0000000086400000, 0x0000000086400000| Complete 
| 114|0x000000008a200000, 0x000000008a300000, 0x000000008a300000|100%| E|CS|TAMS 0x000000008a200000, 0x000000008a200000| Complete 
| 115|0x000000008a300000, 0x000000008a400000, 0x000000008a400000|100%| E|CS|TAMS 0x000000008a300000, 0x000000008a300000| Complete 
| 116|0x000000008a400000, 0x000000008a500000, 0x000000008a500000|100%| E|CS|TAMS 0x000000008a400000, 0x000000008a400000| Complete 
| 125|0x000000008ad00000, 0x000000008ae00000, 0x000000008ae00000|100%| E|CS|TAMS 0x000000008ad00000, 0x000000008ad00000| Complete 

Card table byte_map: [0x0000022557000000,0x00000225573f0000] _byte_map_base: 0x0000022556be8000

Marking Bits (Prev, Next): (CMBitMap*) 0x000002253f6b9320, (CMBitMap*) 0x000002253f6b92e0
 Prev Bits: [0x0000022559720000, 0x000002255b660000)
 Next Bits: [0x00000225577e0000, 0x0000022559720000)

Polling page: 0x000002253f730000

Metaspace:

Usage:
  Non-class:     23.81 MB used.
      Class:      3.55 MB used.
       Both:     27.37 MB used.

Virtual space:
  Non-class space:       32.00 MB reserved,      24.00 MB ( 75%) committed,  4 nodes.
      Class space:        1.00 GB reserved,       3.75 MB ( <1%) committed,  1 nodes.
             Both:        1.03 GB reserved,      27.75 MB (  3%) committed. 

Chunk freelists:
   Non-Class:  3.77 MB
       Class:  160.00 KB
        Both:  3.92 MB

MaxMetaspaceSize: unlimited
CompressedClassSpaceSize: 1.00 GB
Initial GC threshold: 21.00 MB
Current GC threshold: 35.13 MB
CDS: on
MetaspaceReclaimPolicy: balanced
 - commit_granule_bytes: 65536.
 - commit_granule_words: 8192.
 - virtual_space_node_default_size: 1048576.
 - enlarge_chunks_in_place: 1.
 - new_chunks_are_fully_committed: 0.
 - uncommit_free_chunks: 1.
 - use_allocation_guard: 0.
 - handle_deallocations: 1.


Internal statistics:

num_allocs_failed_limit: 3.
num_arena_births: 466.
num_arena_deaths: 0.
num_vsnodes_births: 5.
num_vsnodes_deaths: 0.
num_space_committed: 444.
num_space_uncommitted: 0.
num_chunks_returned_to_freelist: 3.
num_chunks_taken_from_freelist: 1481.
num_chunk_merges: 3.
num_chunk_splits: 1018.
num_chunks_enlarged: 746.
num_purges: 0.
num_inconsistent_stats: 0.

CodeHeap 'non-profiled nmethods': size=120000Kb used=2046Kb max_used=2046Kb free=117953Kb
 bounds [0x000002254ec80000, 0x000002254eef0000, 0x00000225561b0000]
CodeHeap 'profiled nmethods': size=120000Kb used=8568Kb max_used=8568Kb free=111431Kb
 bounds [0x0000022547750000, 0x0000022547fb0000, 0x000002254ec80000]
CodeHeap 'non-nmethods': size=5760Kb used=1217Kb max_used=1301Kb free=4542Kb
 bounds [0x00000225471b0000, 0x0000022547420000, 0x0000022547750000]
 total_blobs=4463 nmethods=3941 adapters=434
 compilation: enabled
              stopped_count=0, restarted_count=0
 full_count=0

Compilation events (20 events):
Event: 10.805 Thread 0x000002255e104c70 3929   !   3       jdk.proxy2.$Proxy14::annotation (29 bytes)
Event: 10.806 Thread 0x000002255e104c70 nmethod 3929 0x0000022547fa0d90 code [0x0000022547fa0f60, 0x0000022547fa1358]
Event: 10.808 Thread 0x000002255e104c70 3930       3       java.util.HashMap::clear (50 bytes)
Event: 10.808 Thread 0x000002255e104c70 nmethod 3930 0x0000022547fa1510 code [0x0000022547fa16c0, 0x0000022547fa1a98]
Event: 10.808 Thread 0x000002255e104c70 3931   !   3       jdk.proxy2.$Proxy58::annotationType (29 bytes)
Event: 10.809 Thread 0x000002255e104c70 nmethod 3931 0x0000022547fa1b90 code [0x0000022547fa1d60, 0x0000022547fa2158]
Event: 10.810 Thread 0x000002255e104c70 3933       3       java.util.ArrayList::forEach (74 bytes)
Event: 10.811 Thread 0x000002255e104c70 nmethod 3933 0x0000022547fa2310 code [0x0000022547fa2500, 0x0000022547fa2b08]
Event: 10.812 Thread 0x000002255e104c70 3934       3       java.util.HashSet::clear (8 bytes)
Event: 10.813 Thread 0x000002255e104c70 nmethod 3934 0x0000022547fa2d90 code [0x0000022547fa2f40, 0x0000022547fa3108]
Event: 10.814 Thread 0x000002255e104c70 3935       3       org.springframework.aop.aspectj.annotation.AbstractAspectJAdvisorFactory::isAspect (28 bytes)
Event: 10.815 Thread 0x000002255e104c70 nmethod 3935 0x0000022547fa3210 code [0x0000022547fa33c0, 0x0000022547fa3588]
Event: 10.815 Thread 0x000002255e104c70 3936       3       org.springframework.core.annotation.AnnotationUtils::findAnnotation (99 bytes)
Event: 10.818 Thread 0x000002255e104c70 nmethod 3936 0x0000022547fa3610 code [0x0000022547fa39e0, 0x0000022547fa5408]
Event: 10.818 Thread 0x000002255e104c70 3937       3       org.springframework.core.annotation.MissingMergedAnnotation::withNonMergedAttributes (2 bytes)
Event: 10.818 Thread 0x000002255e104c70 nmethod 3937 0x0000022547fa5c10 code [0x0000022547fa5da0, 0x0000022547fa5eb8]
Event: 10.818 Thread 0x000002255e104c70 3938       3       org.springframework.util.ConcurrentReferenceHashMap::putIfAbsent (8 bytes)
Event: 10.819 Thread 0x000002255e104c70 nmethod 3938 0x0000022547fa5f90 code [0x0000022547fa6120, 0x0000022547fa6268]
Event: 10.829 Thread 0x000002255e104c70 3939       3       org.springframework.beans.AbstractNestablePropertyAccessor::getWrappedInstance (22 bytes)
Event: 10.829 Thread 0x000002255e104c70 nmethod 3939 0x0000022547fa6310 code [0x0000022547fa64c0, 0x0000022547fa6788]

GC Heap History (16 events):
Event: 2.313 GC heap before
{Heap before GC invocations=0 (full 0):
 garbage-first heap   total 129024K, used 24576K [0x0000000083000000, 0x0000000100000000)
  region size 1024K, 23 young (23552K), 0 survivors (0K)
 Metaspace       used 4886K, committed 5056K, reserved 1056768K
  class space    used 541K, committed 640K, reserved 1048576K
}
Event: 2.323 GC heap after
{Heap after GC invocations=1 (full 0):
 garbage-first heap   total 129024K, used 8165K [0x0000000083000000, 0x0000000100000000)
  region size 1024K, 3 young (3072K), 3 survivors (3072K)
 Metaspace       used 4886K, committed 5056K, reserved 1056768K
  class space    used 541K, committed 640K, reserved 1048576K
}
Event: 2.350 GC heap before
{Heap before GC invocations=1 (full 0):
 garbage-first heap   total 129024K, used 34789K [0x0000000083000000, 0x0000000100000000)
  region size 1024K, 30 young (30720K), 3 survivors (3072K)
 Metaspace       used 4887K, committed 5056K, reserved 1056768K
  class space    used 541K, committed 640K, reserved 1048576K
}
Event: 2.354 GC heap after
{Heap after GC invocations=2 (full 0):
 garbage-first heap   total 129024K, used 8639K [0x0000000083000000, 0x0000000100000000)
  region size 1024K, 1 young (1024K), 1 survivors (1024K)
 Metaspace       used 4887K, committed 5056K, reserved 1056768K
  class space    used 541K, committed 640K, reserved 1048576K
}
Event: 2.584 GC heap before
{Heap before GC invocations=2 (full 0):
 garbage-first heap   total 129024K, used 83391K [0x0000000083000000, 0x0000000100000000)
  region size 1024K, 75 young (76800K), 1 survivors (1024K)
 Metaspace       used 4887K, committed 5056K, reserved 1056768K
  class space    used 541K, committed 640K, reserved 1048576K
}
Event: 2.585 GC heap after
{Heap after GC invocations=3 (full 0):
 garbage-first heap   total 129024K, used 8694K [0x0000000083000000, 0x0000000100000000)
  region size 1024K, 1 young (1024K), 1 survivors (1024K)
 Metaspace       used 4887K, committed 5056K, reserved 1056768K
  class space    used 541K, committed 640K, reserved 1048576K
}
Event: 4.896 GC heap before
{Heap before GC invocations=3 (full 0):
 garbage-first heap   total 129024K, used 83446K [0x0000000083000000, 0x0000000100000000)
  region size 1024K, 75 young (76800K), 1 survivors (1024K)
 Metaspace       used 16953K, committed 17152K, reserved 1064960K
  class space    used 2151K, committed 2240K, reserved 1048576K
}
Event: 4.904 GC heap after
{Heap after GC invocations=4 (full 0):
 garbage-first heap   total 129024K, used 12538K [0x0000000083000000, 0x0000000100000000)
  region size 1024K, 4 young (4096K), 4 survivors (4096K)
 Metaspace       used 16953K, committed 17152K, reserved 1064960K
  class space    used 2151K, committed 2240K, reserved 1048576K
}
Event: 5.599 GC heap before
{Heap before GC invocations=4 (full 0):
 garbage-first heap   total 129024K, used 84218K [0x0000000083000000, 0x0000000100000000)
  region size 1024K, 75 young (76800K), 4 survivors (4096K)
 Metaspace       used 20239K, committed 20480K, reserved 1073152K
  class space    used 2592K, committed 2688K, reserved 1048576K
}
Event: 5.605 GC heap after
{Heap after GC invocations=5 (full 0):
 garbage-first heap   total 129024K, used 14567K [0x0000000083000000, 0x0000000100000000)
  region size 1024K, 6 young (6144K), 6 survivors (6144K)
 Metaspace       used 20239K, committed 20480K, reserved 1073152K
  class space    used 2592K, committed 2688K, reserved 1048576K
}
Event: 5.626 GC heap before
{Heap before GC invocations=5 (full 0):
 garbage-first heap   total 129024K, used 84199K [0x0000000083000000, 0x0000000100000000)
  region size 1024K, 75 young (76800K), 6 survivors (6144K)
 Metaspace       used 20296K, committed 20544K, reserved 1073152K
  class space    used 2594K, committed 2688K, reserved 1048576K
}
Event: 5.634 GC heap after
{Heap after GC invocations=6 (full 0):
 garbage-first heap   total 129024K, used 14993K [0x0000000083000000, 0x0000000100000000)
  region size 1024K, 3 young (3072K), 3 survivors (3072K)
 Metaspace       used 20296K, committed 20544K, reserved 1073152K
  class space    used 2594K, committed 2688K, reserved 1048576K
}
Event: 6.370 GC heap before
{Heap before GC invocations=6 (full 0):
 garbage-first heap   total 129024K, used 22161K [0x0000000083000000, 0x0000000100000000)
  region size 1024K, 12 young (12288K), 3 survivors (3072K)
 Metaspace       used 21309K, committed 21504K, reserved 1073152K
  class space    used 2719K, committed 2816K, reserved 1048576K
}
Event: 6.374 GC heap after
{Heap after GC invocations=7 (full 0):
 garbage-first heap   total 129024K, used 15356K [0x0000000083000000, 0x0000000100000000)
  region size 1024K, 3 young (3072K), 3 survivors (3072K)
 Metaspace       used 21309K, committed 21504K, reserved 1073152K
  class space    used 2719K, committed 2816K, reserved 1048576K
}
Event: 8.679 GC heap before
{Heap before GC invocations=8 (full 0):
 garbage-first heap   total 58368K, used 47100K [0x0000000083000000, 0x0000000100000000)
  region size 1024K, 34 young (34816K), 3 survivors (3072K)
 Metaspace       used 24752K, committed 25024K, reserved 1073152K
  class space    used 3163K, committed 3264K, reserved 1048576K
}
Event: 8.687 GC heap after
{Heap after GC invocations=9 (full 0):
 garbage-first heap   total 58368K, used 17376K [0x0000000083000000, 0x0000000100000000)
  region size 1024K, 4 young (4096K), 4 survivors (4096K)
 Metaspace       used 24752K, committed 25024K, reserved 1073152K
  class space    used 3163K, committed 3264K, reserved 1048576K
}

Deoptimization events (20 events):
Event: 10.560 Thread 0x000002255f64ac20 Uncommon trap: trap_request=0xffffff45 fr.pc=0x000002254ecee160 relative=0x0000000000000060
Event: 10.561 Thread 0x000002255f64ac20 Uncommon trap: reason=unstable_if action=reinterpret pc=0x000002254ecee160 method=org.springframework.util.ConcurrentReferenceHashMap$Segment.clear()V @ 7 c2
Event: 10.561 Thread 0x000002255f64ac20 DEOPT PACKING pc=0x000002254ecee160 sp=0x0000006b97dfe120
Event: 10.561 Thread 0x000002255f64ac20 DEOPT UNPACKING pc=0x00000225472023a3 sp=0x0000006b97dfe0b0 mode 2
Event: 10.579 Thread 0x000002255f64ac20 Uncommon trap: trap_request=0xffffff45 fr.pc=0x000002254ee42940 relative=0x00000000000001c0
Event: 10.579 Thread 0x000002255f64ac20 Uncommon trap: reason=unstable_if action=reinterpret pc=0x000002254ee42940 method=org.springframework.beans.factory.support.AbstractBeanFactory.getBeanPostProcessorCache()Lorg/springframework/beans/factory/support/AbstractBeanFactory$BeanPostProcessorCach
Event: 10.579 Thread 0x000002255f64ac20 DEOPT PACKING pc=0x000002254ee42940 sp=0x0000006b97dfe130
Event: 10.579 Thread 0x000002255f64ac20 DEOPT UNPACKING pc=0x00000225472023a3 sp=0x0000006b97dfe0c0 mode 2
Event: 10.597 Thread 0x000002255f64ac20 Uncommon trap: trap_request=0xffffff45 fr.pc=0x000002254ee0d404 relative=0x00000000000005a4
Event: 10.597 Thread 0x000002255f64ac20 Uncommon trap: reason=unstable_if action=reinterpret pc=0x000002254ee0d404 method=org.springframework.beans.factory.support.DefaultSingletonBeanRegistry.getSingleton(Ljava/lang/String;Z)Ljava/lang/Object; @ 20 c2
Event: 10.597 Thread 0x000002255f64ac20 DEOPT PACKING pc=0x000002254ee0d404 sp=0x0000006b97dfcdb0
Event: 10.597 Thread 0x000002255f64ac20 DEOPT UNPACKING pc=0x00000225472023a3 sp=0x0000006b97dfcd50 mode 2
Event: 10.678 Thread 0x000002255f64ac20 Uncommon trap: trap_request=0xffffff45 fr.pc=0x000002254edc3f08 relative=0x0000000000000d08
Event: 10.678 Thread 0x000002255f64ac20 Uncommon trap: reason=unstable_if action=reinterpret pc=0x000002254edc3f08 method=org.springframework.util.ConcurrentReferenceHashMap$Segment.findInChain(Lorg/springframework/util/ConcurrentReferenceHashMap$Reference;Ljava/lang/Object;I)Lorg/springframewo
Event: 10.678 Thread 0x000002255f64ac20 DEOPT PACKING pc=0x000002254edc3f08 sp=0x0000006b97dfbb20
Event: 10.678 Thread 0x000002255f64ac20 DEOPT UNPACKING pc=0x00000225472023a3 sp=0x0000006b97dfb968 mode 2
Event: 10.679 Thread 0x000002255f64ac20 Uncommon trap: trap_request=0xffffff45 fr.pc=0x000002254edc064c relative=0x000000000000060c
Event: 10.679 Thread 0x000002255f64ac20 Uncommon trap: reason=unstable_if action=reinterpret pc=0x000002254edc064c method=org.springframework.util.ConcurrentReferenceHashMap$Segment.findInChain(Lorg/springframework/util/ConcurrentReferenceHashMap$Reference;Ljava/lang/Object;I)Lorg/springframewo
Event: 10.679 Thread 0x000002255f64ac20 DEOPT PACKING pc=0x000002254edc064c sp=0x0000006b97dfb7e0
Event: 10.679 Thread 0x000002255f64ac20 DEOPT UNPACKING pc=0x00000225472023a3 sp=0x0000006b97dfb788 mode 2

Classes unloaded (0 events):
No events

Classes redefined (0 events):
No events

Internal exceptions (20 events):
Event: 9.512 Thread 0x000002255f64ac20 Exception <a 'java/lang/NoSuchMethodError'{0x00000000860e0320}: 'int java.lang.invoke.DirectMethodHandle$Holder.invokeStaticInit(java.lang.Object, int, int)'> (0x00000000860e0320) 
thrown [c:\wsjdk\corretto17src\installers\windows\zip\corretto-build\buildroot\src\hotspot\share\interpreter\linkResolver.cpp, line 766]
Event: 9.558 Thread 0x000002255f64ac20 Exception <a 'java/lang/NoSuchMethodError'{0x00000000860e7c08}: 'int java.lang.invoke.DirectMethodHandle$Holder.invokeStaticInit(java.lang.Object, long, long)'> (0x00000000860e7c08) 
thrown [c:\wsjdk\corretto17src\installers\windows\zip\corretto-build\buildroot\src\hotspot\share\interpreter\linkResolver.cpp, line 766]
Event: 9.559 Thread 0x000002255f64ac20 Exception <a 'java/lang/NoSuchMethodError'{0x00000000860eea58}: 'int java.lang.invoke.DirectMethodHandle$Holder.invokeStaticInit(java.lang.Object, float, float)'> (0x00000000860eea58) 
thrown [c:\wsjdk\corretto17src\installers\windows\zip\corretto-build\buildroot\src\hotspot\share\interpreter\linkResolver.cpp, line 766]
Event: 9.574 Thread 0x000002255f64ac20 Exception <a 'java/lang/NoSuchMethodError'{0x00000000860f58b0}: 'int java.lang.invoke.DirectMethodHandle$Holder.invokeStaticInit(java.lang.Object, double, double)'> (0x00000000860f58b0) 
thrown [c:\wsjdk\corretto17src\installers\windows\zip\corretto-build\buildroot\src\hotspot\share\interpreter\linkResolver.cpp, line 766]
Event: 9.574 Thread 0x000002255f64ac20 Exception <a 'java/lang/NoSuchMethodError'{0x00000000860f9e80}: 'int java.lang.invoke.DirectMethodHandle$Holder.invokeStatic(java.lang.Object, long)'> (0x00000000860f9e80) 
thrown [c:\wsjdk\corretto17src\installers\windows\zip\corretto-build\buildroot\src\hotspot\share\interpreter\linkResolver.cpp, line 766]
Event: 9.580 Thread 0x000002255f64ac20 Exception <a 'java/lang/NoSuchMethodError'{0x0000000085f24b00}: 'int java.lang.invoke.DirectMethodHandle$Holder.invokeSpecial(java.lang.Object, java.lang.Object, int)'> (0x0000000085f24b00) 
thrown [c:\wsjdk\corretto17src\installers\windows\zip\corretto-build\buildroot\src\hotspot\share\interpreter\linkResolver.cpp, line 766]
Event: 9.611 Thread 0x000002255f64ac20 Exception <a 'java/lang/NoSuchMethodError'{0x0000000085f2c460}: 'int java.lang.invoke.Invokers$Holder.linkToTargetMethod(java.lang.Object, java.lang.Object)'> (0x0000000085f2c460) 
thrown [c:\wsjdk\corretto17src\installers\windows\zip\corretto-build\buildroot\src\hotspot\share\interpreter\linkResolver.cpp, line 766]
Event: 9.875 Thread 0x000002255f64ac20 Exception <a 'java/lang/NoSuchMethodError'{0x0000000085fb1d28}: 'java.lang.Object java.lang.invoke.DirectMethodHandle$Holder.invokeSpecial(java.lang.Object, java.lang.Object, java.lang.Object, java.lang.Object, java.lang.Object, java.lang.Object, java.lang.Object, java.lang.Object, java.lang.Object, java.lang.Object)'> (0x0000000085fb1d28) 
thrown [c:\wsjdk\corretto17src\installers\windows\zip\corretto-build\buildroot\src\hotspot\share\interpreter\linkResolver.cpp, line 766]
Event: 9.876 Thread 0x000002255f64ac20 Exception <a 'java/lang/NoSuchMethodError'{0x0000000085fb65b8}: 'java.lang.Object java.lang.invoke.Invokers$Holder.invoke_MT(java.lang.Object, java.lang.Object, java.lang.Object, java.lang.Object, java.lang.Object, java.lang.Object, java.lang.Object, java.lang.Object, java.lang.Object, java.lang.Object)'> (0x0000000085fb65b8) 
thrown [c:\wsjdk\corretto17src\installers\windows\zip\corretto-build\buildroot\src\hotspot\share\interpreter\linkResolver.cpp, line 766]
Event: 9.908 Thread 0x000002255f64ac20 Exception <a 'java/lang/NoSuchMethodError'{0x0000000085ff5570}: 'java.lang.Object java.lang.invoke.DirectMethodHandle$Holder.invokeSpecial(java.lang.Object, java.lang.Object, int, java.lang.Object, java.lang.Object)'> (0x0000000085ff5570) 
thrown [c:\wsjdk\corretto17src\installers\windows\zip\corretto-build\buildroot\src\hotspot\share\interpreter\linkResolver.cpp, line 766]
Event: 9.908 Thread 0x000002255f64ac20 Exception <a 'java/lang/NoSuchMethodError'{0x0000000085ff9218}: 'java.lang.Object java.lang.invoke.DelegatingMethodHandle$Holder.delegate(java.lang.Object, int, java.lang.Object, java.lang.Object)'> (0x0000000085ff9218) 
thrown [c:\wsjdk\corretto17src\installers\windows\zip\corretto-build\buildroot\src\hotspot\share\interpreter\linkResolver.cpp, line 766]
Event: 9.914 Thread 0x000002255f64ac20 Exception <a 'java/lang/NoSuchMethodError'{0x0000000085e0a778}: 'int java.lang.invoke.Invokers$Holder.linkToTargetMethod(java.lang.Object, java.lang.Object, java.lang.Object)'> (0x0000000085e0a778) 
thrown [c:\wsjdk\corretto17src\installers\windows\zip\corretto-build\buildroot\src\hotspot\share\interpreter\linkResolver.cpp, line 766]
Event: 10.350 Thread 0x000002255f64ac20 Exception <a 'java/lang/NoClassDefFoundError'{0x0000000085cc6150}: org/flywaydb/core/Flyway> (0x0000000085cc6150) 
thrown [c:\wsjdk\corretto17src\installers\windows\zip\corretto-build\buildroot\src\hotspot\share\classfile\systemDictionary.cpp, line 245]
Event: 10.350 Thread 0x000002255f64ac20 Exception <a 'java/lang/NoClassDefFoundError'{0x0000000085cc77e0}: liquibase/integration/spring/SpringLiquibase> (0x0000000085cc77e0) 
thrown [c:\wsjdk\corretto17src\installers\windows\zip\corretto-build\buildroot\src\hotspot\share\classfile\systemDictionary.cpp, line 245]
Event: 10.509 Thread 0x000002255f64ac20 Exception <a 'java/lang/NoClassDefFoundError'{0x0000000085957818}: org/jooq/DSLContext> (0x0000000085957818) 
thrown [c:\wsjdk\corretto17src\installers\windows\zip\corretto-build\buildroot\src\hotspot\share\classfile\systemDictionary.cpp, line 245]
Event: 10.511 Thread 0x000002255f64ac20 Exception <a 'java/lang/NoClassDefFoundError'{0x0000000085968978}: org/springframework/batch/core/repository/JobRepository> (0x0000000085968978) 
thrown [c:\wsjdk\corretto17src\installers\windows\zip\corretto-build\buildroot\src\hotspot\share\classfile\systemDictionary.cpp, line 245]
Event: 10.511 Thread 0x000002255f64ac20 Exception <a 'java/lang/NoClassDefFoundError'{0x000000008596a018}: org/quartz/Scheduler> (0x000000008596a018) 
thrown [c:\wsjdk\corretto17src\installers\windows\zip\corretto-build\buildroot\src\hotspot\share\classfile\systemDictionary.cpp, line 245]
Event: 10.511 Thread 0x000002255f64ac20 Exception <a 'java/lang/NoClassDefFoundError'{0x000000008596b808}: org/springframework/session/jdbc/JdbcIndexedSessionRepository> (0x000000008596b808) 
thrown [c:\wsjdk\corretto17src\installers\windows\zip\corretto-build\buildroot\src\hotspot\share\classfile\systemDictionary.cpp, line 245]
Event: 10.616 Thread 0x000002255f64ac20 Exception <a 'java/lang/NoSuchMethodError'{0x0000000085889730}: 'void java.lang.invoke.DirectMethodHandle$Holder.invokeSpecial(java.lang.Object, java.lang.Object, java.lang.Object, java.lang.Object, java.lang.Object, java.lang.Object)'> (0x0000000085889730) 
thrown [c:\wsjdk\corretto17src\installers\windows\zip\corretto-build\buildroot\src\hotspot\share\interpreter\linkResolver.cpp, line 766]
Event: 10.700 Thread 0x000002255f64ac20 Exception <a 'java/lang/IncompatibleClassChangeError'{0x00000000857ebbd0}: Found class java.lang.Object, but interface was expected> (0x00000000857ebbd0) 
thrown [c:\wsjdk\corretto17src\installers\windows\zip\corretto-build\buildroot\src\hotspot\share\interpreter\linkResolver.cpp, line 833]

VM Operations (20 events):
Event: 7.914 Executing VM operation: HandshakeAllThreads
Event: 7.914 Executing VM operation: HandshakeAllThreads done
Event: 7.946 Executing VM operation: HandshakeAllThreads
Event: 7.946 Executing VM operation: HandshakeAllThreads done
Event: 8.628 Executing VM operation: HandshakeAllThreads
Event: 8.628 Executing VM operation: HandshakeAllThreads done
Event: 8.679 Executing VM operation: G1CollectForAllocation
Event: 8.687 Executing VM operation: G1CollectForAllocation done
Event: 9.679 Executing VM operation: HandshakeAllThreads
Event: 9.680 Executing VM operation: HandshakeAllThreads done
Event: 9.823 Executing VM operation: HandshakeAllThreads
Event: 9.824 Executing VM operation: HandshakeAllThreads done
Event: 9.824 Executing VM operation: Cleanup
Event: 9.824 Executing VM operation: Cleanup done
Event: 10.634 Executing VM operation: HandshakeAllThreads
Event: 10.634 Executing VM operation: HandshakeAllThreads done
Event: 10.675 Executing VM operation: HandshakeAllThreads
Event: 10.675 Executing VM operation: HandshakeAllThreads done
Event: 11.681 Executing VM operation: Cleanup
Event: 11.682 Executing VM operation: Cleanup done

Events (20 events):
Event: 10.545 loading class sun/security/jca/GetInstance$Instance done
Event: 10.545 loading class java/security/interfaces/RSAPublicKey
Event: 10.545 loading class java/security/PublicKey
Event: 10.545 loading class java/security/Key
Event: 10.545 loading class java/security/Key done
Event: 10.545 loading class java/security/PublicKey done
Event: 10.545 loading class java/security/interfaces/RSAKey
Event: 10.546 loading class java/security/interfaces/RSAKey done
Event: 10.546 loading class java/security/interfaces/RSAPublicKey done
Event: 10.548 loading class java/security/interfaces/RSAPrivateKey
Event: 10.548 loading class java/security/PrivateKey
Event: 10.548 loading class javax/security/auth/Destroyable
Event: 10.556 loading class javax/security/auth/Destroyable done
Event: 10.556 loading class java/security/PrivateKey done
Event: 10.556 loading class java/security/interfaces/RSAPrivateKey done
Event: 10.592 loading class javax/naming/NameNotFoundException
Event: 10.592 loading class javax/naming/NameNotFoundException done
Event: 10.665 loading class java/lang/Class$EnclosingMethodInfo
Event: 10.665 loading class java/lang/Class$EnclosingMethodInfo done
Event: 10.680 Thread 0x000002255ffb6050 Thread added: 0x000002255ffb6050


Dynamic libraries:
0x00007ff794000000 - 0x00007ff79400d000 	C:\Program Files\Amazon Corretto\jdk17.0.0_35\bin\java.exe
0x00007ffa4c520000 - 0x00007ffa4c783000 	C:\WINDOWS\SYSTEM32\ntdll.dll
0x00007ffa4b420000 - 0x00007ffa4b4e7000 	C:\WINDOWS\System32\KERNEL32.DLL
0x00007ffa49bb0000 - 0x00007ffa49f79000 	C:\WINDOWS\System32\KERNELBASE.dll
0x00007ffa43f90000 - 0x00007ffa4402c000 	C:\WINDOWS\SYSTEM32\apphelp.dll
0x00007ffa4a1f0000 - 0x00007ffa4a33c000 	C:\WINDOWS\System32\ucrtbase.dll
0x00007ffa44cc0000 - 0x00007ffa44cd8000 	C:\Program Files\Amazon Corretto\jdk17.0.0_35\bin\jli.dll
0x00007ffa4aa60000 - 0x00007ffa4ac2a000 	C:\WINDOWS\System32\USER32.dll
0x00007ffa438a0000 - 0x00007ffa438b5000 	C:\Program Files\Amazon Corretto\jdk17.0.0_35\bin\VCRUNTIME140.dll
0x00007ffa49950000 - 0x00007ffa49977000 	C:\WINDOWS\System32\win32u.dll
0x00007ffa4b8c0000 - 0x00007ffa4b8ea000 	C:\WINDOWS\System32\GDI32.dll
0x00007ffa2c560000 - 0x00007ffa2c7f0000 	C:\WINDOWS\WinSxS\amd64_microsoft.windows.common-controls_6595b64144ccf1df_6.0.26100.3291_none_3e0fb050e32dc25e\COMCTL32.dll
0x00007ffa4a0b0000 - 0x00007ffa4a1e1000 	C:\WINDOWS\System32\gdi32full.dll
0x00007ffa4b040000 - 0x00007ffa4b0e9000 	C:\WINDOWS\System32\msvcrt.dll
0x00007ffa498a0000 - 0x00007ffa49943000 	C:\WINDOWS\System32\msvcp_win.dll
0x00007ffa4ad70000 - 0x00007ffa4ad9f000 	C:\WINDOWS\System32\IMM32.DLL
0x00007ffa19dd0000 - 0x00007ffa19e6b000 	C:\Program Files\Amazon Corretto\jdk17.0.0_35\bin\msvcp140.dll
0x00007ff9cbe70000 - 0x00007ff9cca89000 	C:\Program Files\Amazon Corretto\jdk17.0.0_35\bin\server\jvm.dll
0x00007ffa4af70000 - 0x00007ffa4b023000 	C:\WINDOWS\System32\ADVAPI32.dll
0x00007ffa4b100000 - 0x00007ffa4b1a6000 	C:\WINDOWS\System32\sechost.dll
0x00007ffa4bc80000 - 0x00007ffa4bd96000 	C:\WINDOWS\System32\RPCRT4.dll
0x00007ffa4c4d0000 - 0x00007ffa4c4d8000 	C:\WINDOWS\System32\PSAPI.DLL
0x00007ffa3f2f0000 - 0x00007ffa3f2fa000 	C:\WINDOWS\SYSTEM32\WSOCK32.dll
0x00007ffa4b690000 - 0x00007ffa4b704000 	C:\WINDOWS\System32\WS2_32.dll
0x00007ffa384d0000 - 0x00007ffa38506000 	C:\WINDOWS\SYSTEM32\WINMM.dll
0x00007ffa43430000 - 0x00007ffa4343b000 	C:\WINDOWS\SYSTEM32\VERSION.dll
0x00007ffa485d0000 - 0x00007ffa485ea000 	C:\WINDOWS\SYSTEM32\kernel.appcore.dll
0x00007ffa46200000 - 0x00007ffa4620a000 	C:\Program Files\Amazon Corretto\jdk17.0.0_35\bin\jimage.dll
0x00007ffa46eb0000 - 0x00007ffa470f1000 	C:\WINDOWS\SYSTEM32\DBGHELP.DLL
0x00007ffa4b8f0000 - 0x00007ffa4bc72000 	C:\WINDOWS\System32\combase.dll
0x00007ffa4b7e0000 - 0x00007ffa4b8b6000 	C:\WINDOWS\System32\OLEAUT32.dll
0x00007ffa33a20000 - 0x00007ffa33a59000 	C:\WINDOWS\SYSTEM32\dbgcore.DLL
0x00007ffa49f80000 - 0x00007ffa4a019000 	C:\WINDOWS\System32\bcryptPrimitives.dll
0x00007ffa44980000 - 0x00007ffa4498e000 	C:\Program Files\Amazon Corretto\jdk17.0.0_35\bin\instrument.dll
0x00007ffa40540000 - 0x00007ffa40565000 	C:\Program Files\Amazon Corretto\jdk17.0.0_35\bin\java.dll
0x00007ffa18280000 - 0x00007ffa18356000 	C:\Program Files\Amazon Corretto\jdk17.0.0_35\bin\svml.dll
0x00007ffa4a340000 - 0x00007ffa4aa5c000 	C:\WINDOWS\System32\SHELL32.dll
0x00007ffa49980000 - 0x00007ffa49ae8000 	C:\WINDOWS\System32\wintypes.dll
0x00007ffa47440000 - 0x00007ffa47c87000 	C:\WINDOWS\SYSTEM32\windows.storage.dll
0x00007ffa4c3e0000 - 0x00007ffa4c4cd000 	C:\WINDOWS\System32\SHCORE.dll
0x00007ffa4ad10000 - 0x00007ffa4ad6d000 	C:\WINDOWS\System32\shlwapi.dll
0x00007ffa49630000 - 0x00007ffa4965f000 	C:\WINDOWS\SYSTEM32\profapi.dll
0x00007ffa40500000 - 0x00007ffa40518000 	C:\Program Files\Amazon Corretto\jdk17.0.0_35\bin\zip.dll
0x00007ffa40630000 - 0x00007ffa40649000 	C:\Program Files\Amazon Corretto\jdk17.0.0_35\bin\net.dll
0x00007ffa41a00000 - 0x00007ffa41b1d000 	C:\WINDOWS\SYSTEM32\WINHTTP.dll
0x00007ffa48b70000 - 0x00007ffa48bda000 	C:\WINDOWS\system32\mswsock.dll
0x00007ffa40520000 - 0x00007ffa40535000 	C:\Program Files\Amazon Corretto\jdk17.0.0_35\bin\nio.dll
0x00007ffa3fcc0000 - 0x00007ffa3fcda000 	C:\Program Files\JetBrains\IntelliJ IDEA Community Edition 2021.2.2\bin\breakgen64.dll
0x00007ffa3fcf0000 - 0x00007ffa3fcf9000 	C:\Program Files\Amazon Corretto\jdk17.0.0_35\bin\management.dll
0x00007ffa3fce0000 - 0x00007ffa3fceb000 	C:\Program Files\Amazon Corretto\jdk17.0.0_35\bin\management_ext.dll
0x00007ffa36670000 - 0x00007ffa3667e000 	C:\Program Files\Amazon Corretto\jdk17.0.0_35\bin\sunmscapi.dll
0x00007ffa49720000 - 0x00007ffa49897000 	C:\WINDOWS\System32\CRYPT32.dll
0x00007ffa49010000 - 0x00007ffa49040000 	C:\WINDOWS\SYSTEM32\ncrypt.dll
0x00007ffa48fc0000 - 0x00007ffa48fff000 	C:\WINDOWS\SYSTEM32\NTASN1.dll

dbghelp: loaded successfully - version: 4.0.5 - missing functions: none
symbol engine: initialized successfully - sym options: 0x614 - pdb path: .;C:\Program Files\Amazon Corretto\jdk17.0.0_35\bin;C:\WINDOWS\SYSTEM32;C:\WINDOWS\WinSxS\amd64_microsoft.windows.common-controls_6595b64144ccf1df_6.0.26100.3291_none_3e0fb050e32dc25e;C:\Program Files\Amazon Corretto\jdk17.0.0_35\bin\server;C:\Program Files\JetBrains\IntelliJ IDEA Community Edition 2021.2.2\bin

VM Arguments:
jvm_args: -javaagent:C:\Program Files\JetBrains\IntelliJ IDEA Community Edition 2021.2.2\lib\idea_rt.jar=54316:C:\Program Files\JetBrains\IntelliJ IDEA Community Edition 2021.2.2\bin -Dfile.encoding=UTF-8 
java_command: com.jobportal.JobPortalApplication
java_class_path (initial): C:\Users\HP\Desktop\MyProject\job-portal\Backend\Job-Portal\target\classes;C:\Users\HP\.m2\repository\org\springframework\boot\spring-boot-starter-mail\3.4.1\spring-boot-starter-mail-3.4.1.jar;C:\Users\HP\.m2\repository\org\springframework\boot\spring-boot-starter\3.4.1\spring-boot-starter-3.4.1.jar;C:\Users\HP\.m2\repository\org\springframework\boot\spring-boot-starter-logging\3.4.1\spring-boot-starter-logging-3.4.1.jar;C:\Users\HP\.m2\repository\ch\qos\logback\logback-classic\1.5.12\logback-classic-1.5.12.jar;C:\Users\HP\.m2\repository\ch\qos\logback\logback-core\1.5.12\logback-core-1.5.12.jar;C:\Users\HP\.m2\repository\org\apache\logging\log4j\log4j-to-slf4j\2.24.3\log4j-to-slf4j-2.24.3.jar;C:\Users\HP\.m2\repository\org\apache\logging\log4j\log4j-api\2.24.3\log4j-api-2.24.3.jar;C:\Users\HP\.m2\repository\org\slf4j\jul-to-slf4j\2.0.16\jul-to-slf4j-2.0.16.jar;C:\Users\HP\.m2\repository\jakarta\annotation\jakarta.annotation-api\2.1.1\jakarta.annotation-api-2.1.1.jar;C:\Users\HP\.m2\repository\org\yaml\snakeyaml\2.3\snakeyaml-2.3.jar;C:\Users\HP\.m2\repository\org\eclipse\angus\jakarta.mail\2.0.3\jakarta.mail-2.0.3.jar;C:\Users\HP\.m2\repository\jakarta\activation\jakarta.activation-api\2.1.3\jakarta.activation-api-2.1.3.jar;C:\Users\HP\.m2\repository\org\eclipse\angus\angus-activation\2.0.2\angus-activation-2.0.2.jar;C:\Users\HP\.m2\repository\org\springframework\boot\spring-boot-starter-security\3.4.1\spring-boot-starter-security-3.4.1.jar;C:\Users\HP\.m2\repository\org\springframework\spring-aop\6.2.1\spring-aop-6.2.1.jar;C:\Users\HP\.m2\repository\org\springframework\security\spring-security-config\6.4.2\spring-security-config-6.4.2.jar;C:\Users\HP\.m2\repository\org\springframework\security\spring-security-web\6.4.2\spring-security-web-6.4.2.jar;C:\Users\HP\.m2\repository\org\springframework\spring-expression\6.2.1\spring-expression-6.2.1.jar;C:\Users\HP\.m2\repository\org\springframework\security\spring-security-core\6.4.2\spring-s
Launcher Type: SUN_STANDARD

[Global flags]
     intx CICompilerCount                          = 4                                         {product} {ergonomic}
     uint ConcGCThreads                            = 2                                         {product} {ergonomic}
     uint G1ConcRefinementThreads                  = 8                                         {product} {ergonomic}
   size_t G1HeapRegionSize                         = 1048576                                   {product} {ergonomic}
    uintx GCDrainStackTargetSize                   = 64                                        {product} {ergonomic}
   size_t InitialHeapSize                          = 132120576                                 {product} {ergonomic}
   size_t MarkStackSize                            = 4194304                                   {product} {ergonomic}
   size_t MaxHeapSize                              = 2097152000                                {product} {ergonomic}
   size_t MaxNewSize                               = 1258291200                                {product} {ergonomic}
   size_t MinHeapDeltaBytes                        = 1048576                                   {product} {ergonomic}
   size_t MinHeapSize                              = 8388608                                   {product} {ergonomic}
    uintx NonNMethodCodeHeapSize                   = 5839372                                {pd product} {ergonomic}
    uintx NonProfiledCodeHeapSize                  = 122909434                              {pd product} {ergonomic}
    uintx ProfiledCodeHeapSize                     = 122909434                              {pd product} {ergonomic}
    uintx ReservedCodeCacheSize                    = 251658240                              {pd product} {ergonomic}
     bool SegmentedCodeCache                       = true                                      {product} {ergonomic}
   size_t SoftMaxHeapSize                          = 2097152000                             {manageable} {ergonomic}
     bool UseCompressedClassPointers               = true                           {product lp64_product} {ergonomic}
     bool UseCompressedOops                        = true                           {product lp64_product} {ergonomic}
     bool UseG1GC                                  = true                                      {product} {ergonomic}
     bool UseLargePagesIndividualAllocation        = false                                  {pd product} {ergonomic}

Logging:
Log output configuration:
 #0: stdout all=warning uptime,level,tags
 #1: stderr all=off uptime,level,tags

Environment Variables:
JAVA_HOME=C:\Program Files\Amazon Corretto\jdk17.0.0_35
PATH=C:\Program Files\Common Files\Oracle\Java\javapath;C:\Program Files (x86)\Common Files\Oracle\Java\javapath;C:\oraclexe\app\oracle\product\10.2.0\server\bin;D:\oraclexe\app\oracle\product\11.2.0\server\bin;C:\Program Files\Amazon Corretto\jdk17.0.0_35\bin;C:\Program Files\AdoptOpenJDK\jdk-11.0.10.9-hotspot\bin;C:\Program Files (x86)\Common Files\Intel\Shared Libraries\redist\intel64\compiler;C:\windows\system32;C:\windows;C:\windows\System32\Wbem;C:\windows\System32\WindowsPowerShell\v1.0\;C:\windows\System32\OpenSSH\;C:\Program Files (x86)\NVIDIA Corporation\PhysX\Common;C:\Program Files\Intel\WiFi\bin\;C:\Program Files\Common Files\Intel\WirelessCommon\;C:\WINDOWS\system32;C:\WINDOWS;C:\WINDOWS\System32\Wbem;C:\WINDOWS\System32\WindowsPowerShell\v1.0\;C:\WINDOWS\System32\OpenSSH\;C:\Program Files\Java\jdk1.8.0_201\bin;C:\MinGW\bin;C:\Program Files\dotnet\;C:\Program Files\NVIDIA Corporation\NVIDIA NvDLISR;C:\Program Files\MongoDB\Server\5.0\bin;C:\Program Files\Git\cmd;C:\Program Files\Git\mingw64\bin;C:\Program Files\Git\usr\bin;C:\Program Files\HP\HP One Agent;C:\WINDOWS\system32;C:\WINDOWS;C:\WINDOWS\System32\Wbem;C:\WINDOWS\System32\WindowsPowerShell\v1.0\;C:\WINDOWS\System32\OpenSSH\;C:\Program Files\nodejs\;C:\Program Files\MySQL\MySQL Shell 8.0\bin\;C:\Users\HP\AppData\Local\Programs\Python\Python37-32\Scripts\;C:\Users\HP\AppData\Local\Programs\Python\Python37-32\;C:\Users\HP\AppData\Local\Microsoft\WindowsApps;C:\Users\HP\AppData\Roaming\Dashlane\6.2007.0.32704\bin\Firefox_Extension\{442718d9-475e-452a-b3e1-fb1ee16b8e9f}\components;C:\Users\HP\AppData\Roaming\Dashlane\6.2007.0.32704\ucrt;C:\Users\HP\AppData\Roaming\Dashlane\6.2007.0.32704\bin\Qt;C:\Users\HP\AppData\Roaming\Dashlane\6.2007.0.32704\bin\Ssl;C:\Program Files\Java\jdk1.8.0_201\bin;;C:\MinGW\bin;;C:\Program Files\JetBrains\PyCharm Community Edition 2020.3.1\bin;;C:\Program Files\JetBrains\IntelliJ IDEA Community Edition 2022.2.1\bin;;C:\Users\HP\AppData\Local\Programs\Microsoft VS CodeS\bin;C
USERNAME=RAHULLAKSHKAR
OS=Windows_NT
PROCESSOR_IDENTIFIER=Intel64 Family 6 Model 158 Stepping 10, GenuineIntel



---------------  S Y S T E M  ---------------

OS:
 Windows 10 , 64 bit Build 26100 (10.0.26100.3094)
OS uptime: 8 days 20:12 hours

CPU: total 8 (initial active 8) (4 cores per cpu, 2 threads per core) family 6 model 158 stepping 10 microcode 0xde, cx8, cmov, fxsr, ht, mmx, 3dnowpref, sse, sse2, sse3, ssse3, sse4.1, sse4.2, popcnt, lzcnt, tsc, tscinvbit, avx, avx2, aes, erms, clmul, bmi1, bmi2, adx, fma, vzeroupper, clflush, clflushopt

Memory: 4k page, system-wide physical 7999M (644M free)
TotalPageFile size 16163M (AvailPageFile size 30M)
current process WorkingSet (physical memory assigned to process): 167M, peak: 192M
current process commit charge ("private bytes"): 210M, peak: 268M

vm_info: OpenJDK 64-Bit Server VM (17+35-LTS) for windows-amd64 JRE (17+35-LTS), built on Aug 20 2021 17:53:11 by "Administrator" with MS VC++ 15.9 (VS2017)

END.
